<?xml version="1.0" encoding="UTF-8"?>
<!-- Generated by org.testng.reporters.JUnitReportReporter -->
<testsuite hostname="DESKTOP-TQBPFL0" failures="0" tests="3" name="testcases.parameters.DataProviderWithExcel" time="112.982" errors="0" timestamp="2024-11-12T17:15:30 IST" skipped="0">
  <testcase classname="testcases.parameters.DataProviderWithExcel" name="verifyGoogleSearch" time="23.165"/>
  <testcase classname="testcases.parameters.DataProviderWithExcel" name="verifyGoogleSearch" time="15.520"/>
  <testcase classname="testcases.parameters.DataProviderWithExcel" name="verifyGoogleSearch" time="74.297"/>
</testsuite> <!-- testcases.parameters.DataProviderWithExcel -->
